<?xml version="1.0" encoding="UTF-8"?>
<robot generator="Robot 6.1.1 (Python 3.10.12 on linux)" generated="20240529 13:20:40.777" rpa="true" schemaversion="4">
<suite id="s1" name="Tasks" source="/home/aid/Desktop/roboto/testtest/tasks.robot">
<test id="s1-t1" name="Main" line="9">
<kw name="Display Main Menu">
<doc>Main UI of the bot. We use the "Back To Main Menu" keyword
with buttons to make other views return here.</doc>
<kw name="Clear Dialog" library="RPA.Assistant">
<tag>dialog</tag>
<tag>running</tag>
<doc>Clear dialog and results while it is running.</doc>
<status status="PASS" starttime="20240529 13:20:41.037" endtime="20240529 13:20:41.038"/>
</kw>
<kw name="Add Heading" library="RPA.Assistant">
<arg>Assistant Template</arg>
<doc>Add a centered heading text element</doc>
<status status="PASS" starttime="20240529 13:20:41.038" endtime="20240529 13:20:41.040"/>
</kw>
<kw name="Add Text" library="RPA.Assistant">
<arg>Available UI Components:</arg>
<doc>Add a text paragraph element, for larger bodies of text</doc>
<status status="PASS" starttime="20240529 13:20:41.040" endtime="20240529 13:20:41.040"/>
</kw>
<kw name="Add Button" library="RPA.Assistant">
<arg>Static Components</arg>
<arg>Show Static Components</arg>
<tag>dialog</tag>
<doc>Create a button and execute the `function` as a callback when pressed.</doc>
<status status="PASS" starttime="20240529 13:20:41.041" endtime="20240529 13:20:41.042"/>
</kw>
<kw name="Add Button" library="RPA.Assistant">
<arg>Input Components</arg>
<arg>Show Input Components</arg>
<tag>dialog</tag>
<doc>Create a button and execute the `function` as a callback when pressed.</doc>
<status status="PASS" starttime="20240529 13:20:41.042" endtime="20240529 13:20:41.042"/>
</kw>
<kw name="Add Button" library="RPA.Assistant">
<arg>File Components</arg>
<arg>Show File Components</arg>
<tag>dialog</tag>
<doc>Create a button and execute the `function` as a callback when pressed.</doc>
<status status="PASS" starttime="20240529 13:20:41.043" endtime="20240529 13:20:41.043"/>
</kw>
<kw name="Add Text" library="RPA.Assistant">
<arg>Get Started:</arg>
<doc>Add a text paragraph element, for larger bodies of text</doc>
<status status="PASS" starttime="20240529 13:20:41.044" endtime="20240529 13:20:41.044"/>
</kw>
<kw name="Add Button" library="RPA.Assistant">
<arg>Simple Example</arg>
<arg>Show Example View</arg>
<tag>dialog</tag>
<doc>Create a button and execute the `function` as a callback when pressed.</doc>
<status status="PASS" starttime="20240529 13:20:41.045" endtime="20240529 13:20:41.046"/>
</kw>
<kw name="Add Submit Buttons" library="RPA.Assistant">
<arg>buttons=Close</arg>
<arg>default=Close</arg>
<tag>input</tag>
<doc>Add custom submit buttons</doc>
<status status="PASS" starttime="20240529 13:20:41.047" endtime="20240529 13:20:41.048"/>
</kw>
<status status="PASS" starttime="20240529 13:20:41.036" endtime="20240529 13:20:41.048"/>
</kw>
<kw name="Run Dialog" library="RPA.Assistant">
<var>${result}</var>
<arg>title=Assistant Template</arg>
<arg>on_top=True</arg>
<arg>height=450</arg>
<tag>dialog</tag>
<doc>Create a dialog from all the defined elements and block
until the user has handled it.</doc>
<msg timestamp="20240529 13:20:41.049" level="INFO">Protecting keyword: RPA.Assistant.Run Dialog</msg>
<kw name="Show Static Components">
<doc>Action shows all text, image and icon components</doc>
<kw name="Clear Dialog" library="RPA.Assistant">
<tag>dialog</tag>
<tag>running</tag>
<doc>Clear dialog and results while it is running.</doc>
<status status="PASS" starttime="20240529 13:20:42.555" endtime="20240529 13:20:42.556"/>
</kw>
<kw name="Add Heading" library="RPA.Assistant">
<arg>Big heading</arg>
<arg>Large</arg>
<doc>Add a centered heading text element</doc>
<status status="PASS" starttime="20240529 13:20:42.556" endtime="20240529 13:20:42.557"/>
</kw>
<kw name="Add Heading" library="RPA.Assistant">
<arg>Small heading</arg>
<arg>Small</arg>
<doc>Add a centered heading text element</doc>
<status status="PASS" starttime="20240529 13:20:42.557" endtime="20240529 13:20:42.557"/>
</kw>
<kw name="Add Text" library="RPA.Assistant">
<arg>This is normal text</arg>
<doc>Add a text paragraph element, for larger bodies of text</doc>
<status status="PASS" starttime="20240529 13:20:42.558" endtime="20240529 13:20:42.558"/>
</kw>
<kw name="Add Text" library="RPA.Assistant">
<arg>This is small text</arg>
<arg>Small</arg>
<doc>Add a text paragraph element, for larger bodies of text</doc>
<status status="PASS" starttime="20240529 13:20:42.558" endtime="20240529 13:20:42.559"/>
</kw>
<kw name="Add Image" library="RPA.Assistant">
<arg>/home/aid/Desktop/roboto/testtest${/}mark.png</arg>
<doc>Add an image element, from a local file or remote URL</doc>
<status status="PASS" starttime="20240529 13:20:42.559" endtime="20240529 13:20:42.560"/>
</kw>
<kw name="Add Icon" library="RPA.Assistant">
<arg>Success</arg>
<arg>size=16</arg>
<doc>Add an icon element from RPA.Assistant's short icon list.</doc>
<status status="PASS" starttime="20240529 13:20:42.560" endtime="20240529 13:20:42.560"/>
</kw>
<kw name="Add Icon" library="RPA.Assistant">
<arg>Warning</arg>
<arg>size=16</arg>
<doc>Add an icon element from RPA.Assistant's short icon list.</doc>
<status status="PASS" starttime="20240529 13:20:42.561" endtime="20240529 13:20:42.561"/>
</kw>
<kw name="Add Icon" library="RPA.Assistant">
<arg>Failure</arg>
<arg>size=16</arg>
<doc>Add an icon element from RPA.Assistant's short icon list.</doc>
<status status="PASS" starttime="20240529 13:20:42.562" endtime="20240529 13:20:42.562"/>
</kw>
<kw name="Add Link" library="RPA.Assistant">
<arg>https://robocorp.com/docs/control-room/attended</arg>
<arg>Attended Automations</arg>
<doc>Add an external URL link element</doc>
<status status="PASS" starttime="20240529 13:20:42.562" endtime="20240529 13:20:42.563"/>
</kw>
<kw name="Add Next Ui Button" library="RPA.Assistant">
<arg>Back</arg>
<arg>Back To Main Menu</arg>
<tag>dialog</tag>
<doc>Create a button that leads to the next UI page, calling the passed
keyword or function, and passing current form results as first positional
argument to it.</doc>
<status status="PASS" starttime="20240529 13:20:42.563" endtime="20240529 13:20:42.564"/>
</kw>
<kw name="Refresh Dialog" library="RPA.Assistant">
<tag>dialog</tag>
<tag>running</tag>
<doc>Can be used to update UI elements when adding elements while dialog is
running</doc>
<status status="PASS" starttime="20240529 13:20:42.564" endtime="20240529 13:20:42.569"/>
</kw>
<status status="PASS" starttime="20240529 13:20:42.555" endtime="20240529 13:20:42.570"/>
</kw>
<msg timestamp="20240529 13:20:52.701" level="INFO">Log level changed from NONE to INFO.</msg>
<status status="PASS" starttime="20240529 13:20:41.049" endtime="20240529 13:20:52.701"/>
</kw>
<doc>The Main task running the Assistant
Configure your window behaviour here</doc>
<status status="PASS" starttime="20240529 13:20:41.034" endtime="20240529 13:20:52.702"/>
</test>
<doc>An Assistant Robot.</doc>
<status status="PASS" starttime="20240529 13:20:40.781" endtime="20240529 13:20:52.703"/>
</suite>
<statistics>
<total>
<stat pass="1" fail="0" skip="0">All Tasks</stat>
</total>
<tag>
</tag>
<suite>
<stat pass="1" fail="0" skip="0" id="s1" name="Tasks">Tasks</stat>
</suite>
</statistics>
<errors>
</errors>
</robot>
